#-----------------------------------------------------------
# PlanAhead v14.7 (64-bit)
# Build 321239 by xbuild on Fri Sep 27 19:29:51 MDT 2013
# Start of session at: Tue Dec 24 02:48:40 2024
# Process ID: 5472
# Log file: C:/workspace/verilog/example1/example1/planAhead_run_2/planAhead.log
# Journal file: C:/workspace/verilog/example1/example1/planAhead_run_2/planAhead.jou
#-----------------------------------------------------------
INFO: [Common 17-78] Attempting to get a license: PlanAhead
INFO: [Common 17-290] Got license for PlanAhead
INFO: [Device 21-36] Loading parts and site information from C:/Xilinx/14.7/ISE_DS/PlanAhead/data/parts/arch.xml
Parsing RTL primitives file [C:/Xilinx/14.7/ISE_DS/PlanAhead/data/parts/xilinx/rtl/prims/rtl_prims.xml]
Finished parsing RTL primitives file [C:/Xilinx/14.7/ISE_DS/PlanAhead/data/parts/xilinx/rtl/prims/rtl_prims.xml]
start_gui
source C:/workspace/verilog/example1/example1/pa.fromNetlist.tcl
# create_project -name example1 -dir "C:/workspace/verilog/example1/example1/planAhead_run_2" -part xc3s500efg320-4
ERROR: [Common 17-53] User Exception: Project already exists on disk, please use '-force' option to overwrite: 
     C:/workspace/verilog/example1/example1/planAhead_run_2/example1.ppr
     C:/workspace/verilog/example1/example1/planAhead_run_2/example1.data

    while executing
"create_project -name example1 -dir "C:/workspace/verilog/example1/example1/planAhead_run_2" -part xc3s500efg320-4"
    (file "C:/workspace/verilog/example1/example1/pa.fromNetlist.tcl" line 4)
exit
INFO: [Common 17-206] Exiting PlanAhead at Tue Dec 24 02:49:08 2024...
INFO: [Common 17-83] Releasing license: PlanAhead
